[ 2018-06-14T09:32:05+08:00 ] ::1 /
INFO: [ app_init ] --START--
NOTIC: [8] Undefined index: m /Users/sky/Desktop/code/yhyl/web_admin/admin/Common/Behavior/InitHookBehavior.class.php 第 21 行.
INFO: Run Common\Behavior\InitHook [ RunTime:0.002247s ]
INFO: [ app_init ] --END-- [ RunTime:0.002867s ]
NOTIC: [8] Constant UC_AUTH_KEY already defined /Users/sky/Desktop/code/yhyl/web_admin/admin/Admin/Conf/config.php 第 11 行.
INFO: [ app_begin ] --START--
INFO: Run Think\Behavior\ReadHtmlCache [ RunTime:0.000043s ]
INFO: [ app_begin ] --END-- [ RunTime:0.000103s ]
NOTIC: [2] ini_set(): A session is active. You cannot change the session module's ini settings at this time /Users/sky/Desktop/code/yhyl/web_admin/ThinkPHP/Common/functions.php 第 1033 行.
NOTIC: [8] A session had already been started - ignoring session_start() /Users/sky/Desktop/code/yhyl/web_admin/ThinkPHP/Common/functions.php 第 1044 行.
INFO: [ action_begin ] --START--
INFO: [ action_begin ] --END-- [ RunTime:0.000039s ]

[ 2018-06-14T09:32:05+08:00 ] ::1 /index.php?s=/admin/public/login.html
INFO: [ app_init ] --START--
NOTIC: [8] Undefined index: m /Users/sky/Desktop/code/yhyl/web_admin/admin/Common/Behavior/InitHookBehavior.class.php 第 21 行.
INFO: Run Common\Behavior\InitHook [ RunTime:0.001167s ]
INFO: [ app_init ] --END-- [ RunTime:0.001465s ]
NOTIC: [8] Constant UC_AUTH_KEY already defined /Users/sky/Desktop/code/yhyl/web_admin/admin/Admin/Conf/config.php 第 11 行.
INFO: [ path_info ] --START--
INFO: [ path_info ] --END-- [ RunTime:0.000024s ]
INFO: [ app_begin ] --START--
INFO: Run Think\Behavior\ReadHtmlCache [ RunTime:0.000042s ]
INFO: [ app_begin ] --END-- [ RunTime:0.000089s ]
NOTIC: [2] ini_set(): A session is active. You cannot change the session module's ini settings at this time /Users/sky/Desktop/code/yhyl/web_admin/ThinkPHP/Common/functions.php 第 1033 行.
NOTIC: [8] A session had already been started - ignoring session_start() /Users/sky/Desktop/code/yhyl/web_admin/ThinkPHP/Common/functions.php 第 1044 行.
INFO: [ action_begin ] --START--
INFO: [ action_begin ] --END-- [ RunTime:0.000031s ]
INFO: [ view_begin ] --START--
INFO: [ view_begin ] --END-- [ RunTime:0.000032s ]
INFO: [ view_parse ] --START--
INFO: [ template_filter ] --START--
INFO: Run Think\Behavior\ContentReplace [ RunTime:0.000078s ]
INFO: [ template_filter ] --END-- [ RunTime:0.000154s ]
INFO: Run Think\Behavior\ParseTemplate [ RunTime:0.009930s ]
INFO: [ view_parse ] --END-- [ RunTime:0.009996s ]
INFO: [ view_filter ] --START--
INFO: Run Think\Behavior\TokenBuild [ RunTime:0.000045s ]
INFO: Run Think\Behavior\WriteHtmlCache [ RunTime:0.000012s ]
INFO: [ view_filter ] --END-- [ RunTime:0.000116s ]
INFO: [ view_end ] --START--
INFO: [ view_end ] --END-- [ RunTime:0.000016s ]
INFO: [ app_end ] --START--
INFO: Run Think\Behavior\ShowPageTrace [ RunTime:0.000038s ]
INFO: [ app_end ] --END-- [ RunTime:0.000075s ]

[ 2018-06-14T09:32:05+08:00 ] ::1 /index.php?s=/admin/public/verify.html
INFO: [ app_init ] --START--
NOTIC: [8] Undefined index: m /Users/sky/Desktop/code/yhyl/web_admin/admin/Common/Behavior/InitHookBehavior.class.php 第 21 行.
INFO: Run Common\Behavior\InitHook [ RunTime:0.001354s ]
INFO: [ app_init ] --END-- [ RunTime:0.001710s ]
NOTIC: [8] Constant UC_AUTH_KEY already defined /Users/sky/Desktop/code/yhyl/web_admin/admin/Admin/Conf/config.php 第 11 行.
INFO: [ path_info ] --START--
INFO: [ path_info ] --END-- [ RunTime:0.000025s ]
INFO: [ app_begin ] --START--
INFO: Run Think\Behavior\ReadHtmlCache [ RunTime:0.000037s ]
INFO: [ app_begin ] --END-- [ RunTime:0.000084s ]
NOTIC: [2] ini_set(): A session is active. You cannot change the session module's ini settings at this time /Users/sky/Desktop/code/yhyl/web_admin/ThinkPHP/Common/functions.php 第 1033 行.
NOTIC: [8] A session had already been started - ignoring session_start() /Users/sky/Desktop/code/yhyl/web_admin/ThinkPHP/Common/functions.php 第 1044 行.
INFO: [ action_begin ] --START--
INFO: [ action_begin ] --END-- [ RunTime:0.000026s ]
NOTIC: [8] Undefined index: onethink_admin /Users/sky/Desktop/code/yhyl/web_admin/ThinkPHP/Common/functions.php 第 1095 行.
INFO: [ app_end ] --START--
INFO: Run Think\Behavior\ShowPageTrace [ RunTime:0.000052s ]
INFO: [ app_end ] --END-- [ RunTime:0.000139s ]

[ 2018-06-14T09:57:12+08:00 ] ::1 /
INFO: [ app_init ] --START--
NOTIC: [8] Undefined index: m /Users/sky/Desktop/code/yhyl/web_admin/admin/Common/Behavior/InitHookBehavior.class.php 第 21 行.
INFO: Run Common\Behavior\InitHook [ RunTime:0.001677s ]
INFO: [ app_init ] --END-- [ RunTime:0.002289s ]
NOTIC: [8] Constant UC_AUTH_KEY already defined /Users/sky/Desktop/code/yhyl/web_admin/admin/Admin/Conf/config.php 第 11 行.
INFO: [ app_begin ] --START--
INFO: Run Think\Behavior\ReadHtmlCache [ RunTime:0.000054s ]
INFO: [ app_begin ] --END-- [ RunTime:0.000144s ]
NOTIC: [2] ini_set(): A session is active. You cannot change the session module's ini settings at this time /Users/sky/Desktop/code/yhyl/web_admin/ThinkPHP/Common/functions.php 第 1033 行.
NOTIC: [8] A session had already been started - ignoring session_start() /Users/sky/Desktop/code/yhyl/web_admin/ThinkPHP/Common/functions.php 第 1044 行.
INFO: [ action_begin ] --START--
INFO: [ action_begin ] --END-- [ RunTime:0.000034s ]

[ 2018-06-14T09:57:30+08:00 ] ::1 /
INFO: [ app_init ] --START--
NOTIC: [8] Undefined index: m /Users/sky/Desktop/code/yhyl/web_admin/admin/Common/Behavior/InitHookBehavior.class.php 第 21 行.
INFO: Run Common\Behavior\InitHook [ RunTime:0.001707s ]
INFO: [ app_init ] --END-- [ RunTime:0.002200s ]
NOTIC: [8] Constant UC_AUTH_KEY already defined /Users/sky/Desktop/code/yhyl/web_admin/admin/Admin/Conf/config.php 第 11 行.
INFO: [ app_begin ] --START--
INFO: Run Think\Behavior\ReadHtmlCache [ RunTime:0.000054s ]
INFO: [ app_begin ] --END-- [ RunTime:0.000122s ]
NOTIC: [2] ini_set(): A session is active. You cannot change the session module's ini settings at this time /Users/sky/Desktop/code/yhyl/web_admin/ThinkPHP/Common/functions.php 第 1033 行.
NOTIC: [8] A session had already been started - ignoring session_start() /Users/sky/Desktop/code/yhyl/web_admin/ThinkPHP/Common/functions.php 第 1044 行.
INFO: [ action_begin ] --START--
INFO: [ action_begin ] --END-- [ RunTime:0.000036s ]

[ 2018-06-14T09:58:02+08:00 ] ::1 /
INFO: [ app_init ] --START--
NOTIC: [8] Undefined index: m /Users/sky/Desktop/code/yhyl/web_admin/admin/Common/Behavior/InitHookBehavior.class.php 第 21 行.
INFO: Run Common\Behavior\InitHook [ RunTime:0.001694s ]
INFO: [ app_init ] --END-- [ RunTime:0.002134s ]
NOTIC: [8] Constant UC_AUTH_KEY already defined /Users/sky/Desktop/code/yhyl/web_admin/admin/Admin/Conf/config.php 第 11 行.
INFO: [ app_begin ] --START--
INFO: Run Think\Behavior\ReadHtmlCache [ RunTime:0.000045s ]
INFO: [ app_begin ] --END-- [ RunTime:0.000138s ]
NOTIC: [2] ini_set(): A session is active. You cannot change the session module's ini settings at this time /Users/sky/Desktop/code/yhyl/web_admin/ThinkPHP/Common/functions.php 第 1033 行.
NOTIC: [8] A session had already been started - ignoring session_start() /Users/sky/Desktop/code/yhyl/web_admin/ThinkPHP/Common/functions.php 第 1044 行.
INFO: [ action_begin ] --START--
INFO: [ action_begin ] --END-- [ RunTime:0.000037s ]

[ 2018-06-14T09:58:02+08:00 ] ::1 /index.php?s=/admin/public/login.html
INFO: [ app_init ] --START--
NOTIC: [8] Undefined index: m /Users/sky/Desktop/code/yhyl/web_admin/admin/Common/Behavior/InitHookBehavior.class.php 第 21 行.
INFO: Run Common\Behavior\InitHook [ RunTime:0.001102s ]
INFO: [ app_init ] --END-- [ RunTime:0.001404s ]
NOTIC: [8] Constant UC_AUTH_KEY already defined /Users/sky/Desktop/code/yhyl/web_admin/admin/Admin/Conf/config.php 第 11 行.
INFO: [ path_info ] --START--
INFO: [ path_info ] --END-- [ RunTime:0.000027s ]
INFO: [ app_begin ] --START--
INFO: Run Think\Behavior\ReadHtmlCache [ RunTime:0.000041s ]
INFO: [ app_begin ] --END-- [ RunTime:0.000088s ]
NOTIC: [2] ini_set(): A session is active. You cannot change the session module's ini settings at this time /Users/sky/Desktop/code/yhyl/web_admin/ThinkPHP/Common/functions.php 第 1033 行.
NOTIC: [8] A session had already been started - ignoring session_start() /Users/sky/Desktop/code/yhyl/web_admin/ThinkPHP/Common/functions.php 第 1044 行.
INFO: [ action_begin ] --START--
INFO: [ action_begin ] --END-- [ RunTime:0.000024s ]
INFO: [ view_begin ] --START--
INFO: [ view_begin ] --END-- [ RunTime:0.000024s ]
INFO: [ view_parse ] --START--
INFO: [ template_filter ] --START--
INFO: Run Think\Behavior\ContentReplace [ RunTime:0.000076s ]
INFO: [ template_filter ] --END-- [ RunTime:0.000136s ]
INFO: Run Think\Behavior\ParseTemplate [ RunTime:0.007630s ]
INFO: [ view_parse ] --END-- [ RunTime:0.007689s ]
INFO: [ view_filter ] --START--
INFO: Run Think\Behavior\TokenBuild [ RunTime:0.000046s ]
INFO: Run Think\Behavior\WriteHtmlCache [ RunTime:0.000011s ]
INFO: [ view_filter ] --END-- [ RunTime:0.000115s ]
INFO: [ view_end ] --START--
INFO: [ view_end ] --END-- [ RunTime:0.000016s ]
INFO: [ app_end ] --START--
INFO: Run Think\Behavior\ShowPageTrace [ RunTime:0.000032s ]
INFO: [ app_end ] --END-- [ RunTime:0.000067s ]

[ 2018-06-14T09:58:02+08:00 ] ::1 /index.php?s=/admin/public/verify.html
INFO: [ app_init ] --START--
NOTIC: [8] Undefined index: m /Users/sky/Desktop/code/yhyl/web_admin/admin/Common/Behavior/InitHookBehavior.class.php 第 21 行.
INFO: Run Common\Behavior\InitHook [ RunTime:0.001272s ]
INFO: [ app_init ] --END-- [ RunTime:0.001639s ]
NOTIC: [8] Constant UC_AUTH_KEY already defined /Users/sky/Desktop/code/yhyl/web_admin/admin/Admin/Conf/config.php 第 11 行.
INFO: [ path_info ] --START--
INFO: [ path_info ] --END-- [ RunTime:0.000026s ]
INFO: [ app_begin ] --START--
INFO: Run Think\Behavior\ReadHtmlCache [ RunTime:0.000036s ]
INFO: [ app_begin ] --END-- [ RunTime:0.000078s ]
NOTIC: [2] ini_set(): A session is active. You cannot change the session module's ini settings at this time /Users/sky/Desktop/code/yhyl/web_admin/ThinkPHP/Common/functions.php 第 1033 行.
NOTIC: [8] A session had already been started - ignoring session_start() /Users/sky/Desktop/code/yhyl/web_admin/ThinkPHP/Common/functions.php 第 1044 行.
INFO: [ action_begin ] --START--
INFO: [ action_begin ] --END-- [ RunTime:0.000031s ]
NOTIC: [8] Undefined index: onethink_admin /Users/sky/Desktop/code/yhyl/web_admin/ThinkPHP/Common/functions.php 第 1095 行.
INFO: [ app_end ] --START--
INFO: Run Think\Behavior\ShowPageTrace [ RunTime:0.000043s ]
INFO: [ app_end ] --END-- [ RunTime:0.000108s ]

[ 2018-06-14T10:07:20+08:00 ] ::1 /admin.php?s=/admin/business/recharge.html
ERR: 1064:You have an error in your SQL syntax; check the manual that corresponds to your MySQL server version for the right syntax to use near ') GROUP BY r.rechargeId ORDER BY r.id desc LIMIT 0,10' at line 1
 [ SQL语句 ] : SELECT r.*,l.name as name,l.home as home,s.parents as parents FROM gygy_member_recharge r INNER JOIN gygy_members s ON s.uid = r.uid LEFT JOIN gygy_bank_list l ON l.id = r.mBankId WHERE ( r.isDelete=0   and r.actionTime>1528905600 and r.state= ) GROUP BY r.rechargeId ORDER BY r.id desc LIMIT 0,10  
ERR: 1064:You have an error in your SQL syntax; check the manual that corresponds to your MySQL server version for the right syntax to use near ') LIMIT 1' at line 1
 [ SQL语句 ] : SELECT COUNT(*) AS tp_count FROM gygy_member_recharge r INNER JOIN gygy_members s ON s.uid = r.uid WHERE ( r.isDelete=0   and r.actionTime>1528905600 and r.state= ) LIMIT 1  
ERR: 1064:You have an error in your SQL syntax; check the manual that corresponds to your MySQL server version for the right syntax to use near ') LIMIT 1' at line 1
 [ SQL语句 ] : SELECT SUM(rechargeAmount) AS tp_sum FROM gygy_member_recharge r INNER JOIN gygy_members s ON s.uid = r.uid WHERE ( r.isDelete=0 AND s.is_test=0 and r.actionTime>1528905600 and r.state= ) LIMIT 1  

[ 2018-06-14T11:10:12+08:00 ] ::1 /admin.php?s=admin/business/getTip_recharge
ERR: Network is unreachable

[ 2018-06-14T11:10:12+08:00 ] ::1 /admin.php?s=admin/business/getTip_cash
ERR: Network is unreachable

[ 2018-06-14T15:48:43+08:00 ] ::1 /admin.php?s=/admin/business/withdrawcount.html
ERR: 2006:MySQL server has gone away
 [ SQL语句 ] : SELECT * FROM `gygy_member_session` WHERE ( id = 737723 ) LIMIT 1  
ERR: 2006:MySQL server has gone away
 [ SQL语句 ] : SELECT count(*) FROM `gygy_member_cash` WHERE ( actionTime>1528905600 and state=1 ) LIMIT 1  

[ 2018-06-14T17:35:25+08:00 ] ::1 /admin.php?s=admin/business/getTip_cash
ERR: Operation timed out

[ 2018-06-14T21:06:50+08:00 ] ::1 /admin.php?s=admin/business/getTip_recharge
ERR: MySQL server has gone away

[ 2018-06-14T23:57:18+08:00 ] ::1 /admin.php?s=/admin/business/recharge.html
ERR: 1064:You have an error in your SQL syntax; check the manual that corresponds to your MySQL server version for the right syntax to use near ') GROUP BY r.rechargeId ORDER BY r.id desc LIMIT 0,10' at line 1
 [ SQL语句 ] : SELECT r.*,l.name as name,l.home as home,s.parents as parents FROM gygy_member_recharge r INNER JOIN gygy_members s ON s.uid = r.uid LEFT JOIN gygy_bank_list l ON l.id = r.mBankId WHERE ( r.isDelete=0   and r.actionTime>1528905600 and r.state= ) GROUP BY r.rechargeId ORDER BY r.id desc LIMIT 0,10  
ERR: 1064:You have an error in your SQL syntax; check the manual that corresponds to your MySQL server version for the right syntax to use near ') LIMIT 1' at line 1
 [ SQL语句 ] : SELECT COUNT(*) AS tp_count FROM gygy_member_recharge r INNER JOIN gygy_members s ON s.uid = r.uid WHERE ( r.isDelete=0   and r.actionTime>1528905600 and r.state= ) LIMIT 1  
ERR: 1064:You have an error in your SQL syntax; check the manual that corresponds to your MySQL server version for the right syntax to use near ') LIMIT 1' at line 1
 [ SQL语句 ] : SELECT SUM(rechargeAmount) AS tp_sum FROM gygy_member_recharge r INNER JOIN gygy_members s ON s.uid = r.uid WHERE ( r.isDelete=0 AND s.is_test=0 and r.actionTime>1528905600 and r.state= ) LIMIT 1  

